<?xml version="1.0" encoding="UTF-8"?>
<testng-results skipped="0" failed="0" ignored="0" total="1" passed="1">
  <reporter-output>
  </reporter-output>
  <suite name="Default suite" duration-ms="32868" started-at="2021-10-21T15:41:45 IST" finished-at="2021-10-21T15:42:18 IST">
    <groups>
    </groups>
    <test name="Default test" duration-ms="32868" started-at="2021-10-21T15:41:45 IST" finished-at="2021-10-21T15:42:18 IST">
      <class name="Assessment.BlazeTest">
        <test-method status="PASS" signature="TS001()[pri:0, instance:Assessment.BlazeTest@6ee52dcd]" name="TS001" duration-ms="32758" started-at="2021-10-21T15:41:46 IST" finished-at="2021-10-21T15:42:18 IST">
          <reporter-output>
          </reporter-output>
        </test-method> <!-- TS001 -->
      </class> <!-- Assessment.BlazeTest -->
    </test> <!-- Default test -->
  </suite> <!-- Default suite -->
</testng-results>
